[0120/134306.357:ERROR:directory_reader_win.cc(43)] FindFirstFile: The system cannot find the path specified. (0x3)
[0121/060156.693:ERROR:directory_reader_win.cc(43)] FindFirstFile: The system cannot find the path specified. (0x3)
[0121/201548.890:ERROR:process_info.cc(118)] ReadProcessMemory bool __cdecl crashpad::(anonymous namespace)::ReadStruct(HANDLE, crashpad::WinVMAddress, T *) [T = crashpad::process_types::PEB<crashpad::process_types::internal::Traits64>]: Only part of a ReadProcessMemory or WriteProcessMemory request was completed. (0x12B)
[0121/201548.171:ERROR:scoped_process_suspend.cc(31)] NtSuspendProcess: An attempt was made to access an exiting process. (0xc000010a)
[0121/201549.157:ERROR:process_reader_win.cc(151)] SuspendThread: Access is denied. (0x5)
[0121/201548.171:ERROR:scoped_process_suspend.cc(31)] NtSuspendProcess: An attempt was made to access an exiting process. (0xc000010a)
[0121/201548.890:ERROR:process_info.cc(118)] ReadProcessMemory bool __cdecl crashpad::(anonymous namespace)::ReadStruct(HANDLE, crashpad::WinVMAddress, T *) [T = crashpad::process_types::PEB<crashpad::process_types::internal::Traits64>]: Only part of a ReadProcessMemory or WriteProcessMemory request was completed. (0x12B)
[0121/201549.353:ERROR:process_info.cc(551)] ReadProcessData failed
[0121/201549.354:ERROR:process_info.cc(551)] ReadProcessData failed
[0121/201548.171:ERROR:scoped_process_suspend.cc(31)] NtSuspendProcess: An attempt was made to access an exiting process. (0xc000010a)
[0121/201548.171:ERROR:scoped_process_suspend.cc(31)] NtSuspendProcess: An attempt was made to access an exiting process. (0xc000010a)
[0121/201549.157:ERROR:process_reader_win.cc(123)] NtOpenThread: {Access Denied} A process has requested access to an object, but has not been granted those access rights. (0xc0000022)
[0121/201549.354:ERROR:scoped_process_suspend.cc(40)] NtResumeProcess: An attempt was made to access an exiting process. (0xc000010a)
[0121/201549.161:ERROR:process_reader_win.cc(123)] NtOpenThread: {Access Denied} A process has requested access to an object, but has not been granted those access rights. (0xc0000022)
[0121/201549.161:ERROR:process_reader_win.cc(151)] SuspendThread: Access is denied. (0x5)
[0121/201549.353:ERROR:process_info.cc(118)] ReadProcessMemory bool __cdecl crashpad::(anonymous namespace)::ReadStruct(HANDLE, crashpad::WinVMAddress, T *) [T = crashpad::process_types::PEB<crashpad::process_types::internal::Traits64>]: Only part of a ReadProcessMemory or WriteProcessMemory request was completed. (0x12B)
[0121/201549.354:ERROR:process_reader_win.cc(151)] SuspendThread: Access is denied. (0x5)
[0121/201549.157:ERROR:process_reader_win.cc(123)] NtOpenThread: {Access Denied} A process has requested access to an object, but has not been granted those access rights. (0xc0000022)
[0121/201549.354:ERROR:process_info.cc(118)] ReadProcessMemory bool __cdecl crashpad::(anonymous namespace)::ReadStruct(HANDLE, crashpad::WinVMAddress, T *) [T = crashpad::process_types::PEB<crashpad::process_types::internal::Traits64>]: Only part of a ReadProcessMemory or WriteProcessMemory request was completed. (0x12B)
[0121/201549.157:ERROR:process_reader_win.cc(123)] NtOpenThread: {Access Denied} A process has requested access to an object, but has not been granted those access rights. (0xc0000022)
[0121/201549.354:ERROR:scoped_process_suspend.cc(40)] NtResumeProcess: An attempt was made to access an exiting process. (0xc000010a)
[0121/201549.354:ERROR:exception_snapshot_win.cc(99)] thread ID 11200 not found in process
[0121/201549.354:ERROR:process_reader_win.cc(151)] SuspendThread: Access is denied. (0x5)
[0121/201549.354:ERROR:process_reader_win.cc(151)] SuspendThread: Access is denied. (0x5)
[0121/201549.354:ERROR:scoped_process_suspend.cc(31)] NtSuspendProcess: An attempt was made to access an exiting process. (0xc000010a)
[0121/201549.354:ERROR:process_reader_win.cc(151)] SuspendThread: Access is denied. (0x5)
[0121/201549.354:ERROR:process_info.cc(118)] ReadProcessMemory bool __cdecl crashpad::(anonymous namespace)::ReadStruct(HANDLE, crashpad::WinVMAddress, T *) [T = crashpad::process_types::PEB<crashpad::process_types::internal::Traits64>]: Only part of a ReadProcessMemory or WriteProcessMemory request was completed. (0x12B)
[0121/201549.354:ERROR:process_info.cc(551)] ReadProcessData failed
[0121/201549.354:ERROR:exception_snapshot_win.cc(99)] thread ID 10504 not found in process
[0121/201549.354:ERROR:process_info.cc(118)] ReadProcessMemory bool __cdecl crashpad::(anonymous namespace)::ReadStruct(HANDLE, crashpad::WinVMAddress, T *) [T = crashpad::process_types::PEB<crashpad::process_types::internal::Traits64>]: Only part of a ReadProcessMemory or WriteProcessMemory request was completed. (0x12B)
[0121/201549.354:ERROR:exception_snapshot_win.cc(99)] thread ID 12716 not found in process
[0121/201549.354:ERROR:process_info.cc(551)] ReadProcessData failed
[0121/201549.354:ERROR:process_reader_win.cc(151)] SuspendThread: Access is denied. (0x5)
[0121/201549.354:ERROR:process_reader_win.cc(151)] SuspendThread: Access is denied. (0x5)
[0121/201549.354:ERROR:process_info.cc(551)] ReadProcessData failed
[0121/201549.354:ERROR:exception_snapshot_win.cc(99)] thread ID 4144 not found in process
[0121/201549.354:ERROR:process_info.cc(551)] ReadProcessData failed
[0121/201549.355:ERROR:process_info.cc(118)] ReadProcessMemory bool __cdecl crashpad::(anonymous namespace)::ReadStruct(HANDLE, crashpad::WinVMAddress, T *) [T = crashpad::process_types::PEB<crashpad::process_types::internal::Traits64>]: Only part of a ReadProcessMemory or WriteProcessMemory request was completed. (0x12B)
[0121/201549.355:ERROR:scoped_process_suspend.cc(31)] NtSuspendProcess: An attempt was made to access an exiting process. (0xc000010a)
[0121/201549.355:ERROR:process_info.cc(551)] ReadProcessData failed
[0121/201549.355:ERROR:exception_snapshot_win.cc(99)] thread ID 10348 not found in process
[0121/201549.355:ERROR:process_info.cc(118)] ReadProcessMemory bool __cdecl crashpad::(anonymous namespace)::ReadStruct(HANDLE, crashpad::WinVMAddress, T *) [T = crashpad::process_types::PEB<crashpad::process_types::internal::Traits64>]: Only part of a ReadProcessMemory or WriteProcessMemory request was completed. (0x12B)
[0121/201549.355:ERROR:process_info.cc(551)] ReadProcessData failed
[0121/201549.355:ERROR:process_reader_win.cc(151)] SuspendThread: Access is denied. (0x5)
[0121/201549.355:ERROR:process_reader_win.cc(151)] SuspendThread: Access is denied. (0x5)
[0121/201549.355:ERROR:process_reader_win.cc(151)] SuspendThread: Access is denied. (0x5)
[0121/201549.355:ERROR:process_reader_win.cc(151)] SuspendThread: Access is denied. (0x5)
[0121/201549.355:ERROR:process_reader_win.cc(151)] SuspendThread: Access is denied. (0x5)
[0121/201549.355:ERROR:process_reader_win.cc(123)] NtOpenThread: An invalid Client ID was specified. (0xc000000b)
[0121/201549.355:ERROR:exception_snapshot_win.cc(99)] thread ID 9172 not found in process
[0121/201549.414:ERROR:process_reader_win.cc(123)] NtOpenThread: {Access Denied} A process has requested access to an object, but has not been granted those access rights. (0xc0000022)
[0121/201549.414:ERROR:exception_snapshot_win.cc(99)] thread ID 8816 not found in process
[0121/201549.484:ERROR:process_reader_win.cc(123)] NtOpenThread: {Access Denied} A process has requested access to an object, but has not been granted those access rights. (0xc0000022)
[0121/201549.484:ERROR:exception_snapshot_win.cc(99)] thread ID 1484 not found in process
[0121/201549.486:ERROR:process_reader_win.cc(123)] NtOpenThread: {Access Denied} A process has requested access to an object, but has not been granted those access rights. (0xc0000022)
[0121/201549.487:ERROR:exception_snapshot_win.cc(99)] thread ID 14432 not found in process
[0121/201549.487:ERROR:scoped_process_suspend.cc(40)] NtResumeProcess: An attempt was made to access an exiting process. (0xc000010a)
[0122/072146.965:ERROR:directory_reader_win.cc(43)] FindFirstFile: The system cannot find the path specified. (0x3)
